<?xml version="1.0" encoding="UTF-8"?>
<!-- Generated by org.testng.reporters.JUnitReportReporter -->
<testsuite hostname="DESKTOP-7EUDCAL" failures="0" tests="2" name="SauceTest" time="0.015" errors="0" timestamp="2023-05-29T21:21:13 GMT-04:00" skipped="0">
  <testcase classname="SauceTest" name="ordertest" time="0.001"/>
  <system-out/>
  <testcase classname="SauceTest" name="logintest" time="0.014"/>
  <system-out/>
</testsuite> <!-- SauceTest -->
