<?xml version="1.0" encoding="UTF-8"?>
<!-- Generated by org.testng.reporters.JUnitReportReporter -->
<testsuite hostname="DESKTOP-7EUDCAL" failures="0" tests="1" name="LoginTest" time="7.494" errors="0" timestamp="2023-05-29T21:25:05 GMT-04:00" skipped="0">
  <testcase classname="LoginTest" name="login" time="7.494"/>
  <system-out/>
</testsuite> <!-- LoginTest -->
