<?xml version="1.0" encoding="UTF-8"?>
<!-- Generated by org.testng.reporters.JUnitReportReporter -->
<testsuite hostname="DESKTOP-7EUDCAL" failures="0" tests="1" name="testCases.AddTocartTest" time="0.011" errors="0" timestamp="2023-05-31T21:56:51 GMT-04:00" skipped="0">
  <testcase classname="testCases.AddTocartTest" name="addtocart" time="0.011"/>
  <system-out/>
</testsuite> <!-- testCases.AddTocartTest -->
