<?xml version="1.0" encoding="UTF-8"?>
<!-- Generated by org.testng.reporters.JUnitReportReporter -->
<testsuite hostname="DESKTOP-7EUDCAL" failures="0" tests="2" name="testCases.LoginTest" time="7.275" errors="0" timestamp="2023-05-31T22:03:38 GMT-04:00" skipped="0">
  <testcase classname="testCases.LoginTest" name="verifyValidLogin" time="2.868"/>
  <system-out/>
  <testcase classname="testCases.LoginTest" name="verifyInValidLogin" time="4.407"/>
  <system-out/>
</testsuite> <!-- testCases.LoginTest -->
