<?xml version="1.0" encoding="UTF-8"?>
<!-- Generated by org.testng.reporters.JUnitReportReporter -->
<testsuite hostname="DESKTOP-7EUDCAL" failures="0" tests="2" name="testCases.LoginTest" time="6.519" errors="0" timestamp="2023-06-01T22:00:59 GMT-04:00" skipped="0">
  <testcase classname="testCases.LoginTest" name="verifyValidLogin" time="3.278"/>
  <system-out/>
  <testcase classname="testCases.LoginTest" name="verifyInValidLogin" time="3.241"/>
  <system-out/>
</testsuite> <!-- testCases.LoginTest -->
